{
  "RSpec": {
    "coverage": {
      "/Users/jingluliu/ticketee/app/models/user.rb": [
        1,
        null,
        null,
        null,
        1,
        null,
        null,
        null,
        null,
        1,
        null,
        null
      ],
      "/Users/jingluliu/ticketee/app/controllers/application_controller.rb": [
        1,
        1,
        1,
        1,
        26,
        26,
        6,
        6,
        null,
        null,
        null
      ],
      "/Users/jingluliu/ticketee/app/helpers/application_helper.rb": [
        1,
        1,
        20,
        20,
        20,
        null,
        null,
        null,
        1,
        139,
        null,
        null
      ],
      "/Users/jingluliu/ticketee/app/helpers/admin/users_helper.rb": [
        1,
        null
      ],
      "/Users/jingluliu/ticketee/app/helpers/projects_helper.rb": [
        1,
        null
      ],
      "/Users/jingluliu/ticketee/app/helpers/tickets_helper.rb": [
        1,
        null
      ],
      "/Users/jingluliu/ticketee/app/controllers/admin/base_controller.rb": [
        1,
        1,
        1,
        null,
        null
      ],
      "/Users/jingluliu/ticketee/app/controllers/admin/users_controller.rb": [
        1,
        1,
        3,
        null,
        1,
        2,
        null,
        1,
        2,
        2,
        1,
        1,
        null,
        1,
        1,
        null,
        null,
        null
      ],
      "/Users/jingluliu/ticketee/app/controllers/projects_controller.rb": [
        1,
        1,
        1,
        null,
        null,
        null,
        1,
        43,
        null,
        1,
        4,
        null,
        1,
        2,
        2,
        1,
        1,
        null,
        1,
        1,
        null,
        null,
        1,
        20,
        null,
        1,
        2,
        null,
        1,
        2,
        2,
        1,
        1,
        null,
        1,
        1,
        null,
        null,
        1,
        1,
        1,
        1,
        1,
        null,
        null,
        null,
        1,
        1,
        26,
        null,
        1,
        null,
        1,
        null,
        null
      ],
      "/Users/jingluliu/ticketee/app/models/project.rb": [
        1,
        1,
        1,
        1,
        null
      ],
      "/Users/jingluliu/ticketee/app/controllers/tickets_controller.rb": [
        1,
        1,
        1,
        1,
        1,
        3,
        null,
        1,
        3,
        3,
        3,
        1,
        1,
        null,
        2,
        2,
        null,
        null,
        1,
        null,
        1,
        null,
        null,
        1,
        2,
        1,
        1,
        null,
        1,
        1,
        null,
        null,
        null,
        1,
        1,
        1,
        1,
        null,
        null,
        1,
        1,
        17,
        null,
        1,
        11,
        null,
        null
      ],
      "/Users/jingluliu/ticketee/app/models/ticket.rb": [
        1,
        1,
        1,
        1,
        1,
        1,
        1,
        null,
        null
      ],
      "/Users/jingluliu/ticketee/app/models/ability.rb": [
        1,
        null
      ]
    },
    "timestamp": 1375267760
  }
}
